d:\projects\opengl_3d_modeling\opengl_3d_modeling\x64\debug\vc142.pdb
d:\projects\opengl_3d_modeling\opengl_3d_modeling\x64\debug\vc142.idb
d:\projects\opengl_3d_modeling\opengl_3d_modeling\x64\debug\glad.obj
d:\projects\opengl_3d_modeling\opengl_3d_modeling\x64\debug\uimanager.obj
d:\projects\opengl_3d_modeling\opengl_3d_modeling\x64\debug\uielement.obj
d:\projects\opengl_3d_modeling\opengl_3d_modeling\x64\debug\main.obj
d:\projects\opengl_3d_modeling\opengl_3d_modeling\x64\debug\errors.obj
d:\projects\opengl_3d_modeling\opengl_3d_modeling\x64\debug\vertex.obj
d:\projects\opengl_3d_modeling\opengl_3d_modeling\x64\debug\triangle.obj
d:\projects\opengl_3d_modeling\opengl_3d_modeling\x64\debug\edge.obj
d:\projects\opengl_3d_modeling\opengl_3d_modeling\x64\debug\shape.obj
d:\projects\opengl_3d_modeling\opengl_3d_modeling\x64\debug\opengl_3d_modeling.ilk
d:\projects\opengl_3d_modeling\opengl_3d_modeling\x64\debug\opengl_3d_modeling.exe
d:\projects\opengl_3d_modeling\opengl_3d_modeling\x64\debug\opengl_3d_modeling.pdb
d:\projects\opengl_3d_modeling\opengl_3d_modeling\x64\debug\opengl_3.7dfb4c92.tlog\cl.command.1.tlog
d:\projects\opengl_3d_modeling\opengl_3d_modeling\x64\debug\opengl_3.7dfb4c92.tlog\cl.read.1.tlog
d:\projects\opengl_3d_modeling\opengl_3d_modeling\x64\debug\opengl_3.7dfb4c92.tlog\cl.write.1.tlog
d:\projects\opengl_3d_modeling\opengl_3d_modeling\x64\debug\opengl_3.7dfb4c92.tlog\link.command.1.tlog
d:\projects\opengl_3d_modeling\opengl_3d_modeling\x64\debug\opengl_3.7dfb4c92.tlog\link.read.1.tlog
d:\projects\opengl_3d_modeling\opengl_3d_modeling\x64\debug\opengl_3.7dfb4c92.tlog\link.write.1.tlog
